Running php-build composer
WARNING! Your password will be stored unencrypted in /home/runner/.docker/config.json.
Configure a credential helper to remove this warning. See
https://docs.docker.com/engine/reference/commandline/login/#credentials-store

Login Succeeded
Pulling docker.pkg.github.com/fadilxcoder/fake-api-server/php-actions_composer_fake-api-server:php-7.4-build2
php-7.4-build2: Pulling from fadilxcoder/fake-api-server/php-actions_composer_fake-api-server
213ec9aee27d: Already exists
a600fdbc30cc: Pulling fs layer
0cdd6cb15c0d: Pulling fs layer
8a4c40d8aee7: Pulling fs layer
77e67522f4fd: Pulling fs layer
d181492ef8e9: Pulling fs layer
0d5c09a73378: Pulling fs layer
8bb8e21282b9: Pulling fs layer
fdd7ab990e10: Pulling fs layer
bcd5632b60d7: Pulling fs layer
77e67522f4fd: Waiting
d181492ef8e9: Waiting
0d5c09a73378: Waiting
8bb8e21282b9: Waiting
fdd7ab990e10: Waiting
bcd5632b60d7: Waiting
0cdd6cb15c0d: Download complete
8a4c40d8aee7: Verifying Checksum
8a4c40d8aee7: Download complete
a600fdbc30cc: Verifying Checksum
a600fdbc30cc: Download complete
77e67522f4fd: Verifying Checksum
77e67522f4fd: Download complete
d181492ef8e9: Verifying Checksum
d181492ef8e9: Download complete
0d5c09a73378: Verifying Checksum
0d5c09a73378: Download complete
8bb8e21282b9: Download complete
a600fdbc30cc: Pull complete
0cdd6cb15c0d: Pull complete
8a4c40d8aee7: Pull complete
fdd7ab990e10: Verifying Checksum
fdd7ab990e10: Download complete
bcd5632b60d7: Verifying Checksum
bcd5632b60d7: Download complete
77e67522f4fd: Pull complete
d181492ef8e9: Pull complete
0d5c09a73378: Pull complete
8bb8e21282b9: Pull complete
fdd7ab990e10: Pull complete
bcd5632b60d7: Pull complete
Digest: sha256:898ce294edfab3604929366b5743098e56d32fd1201d410667010d61e3649506
Status: Downloaded newer image for docker.pkg.github.com/fadilxcoder/fake-api-server/php-actions_composer_fake-api-server:php-7.4-build2
docker.pkg.github.com/fadilxcoder/fake-api-server/php-actions_composer_fake-api-server:php-7.4-build2
Docker tag: docker.pkg.github.com/fadilxcoder/fake-api-server/php-actions_composer_fake-api-server:php-7.4-build2
No private keys supplied
Command: composer install --no-progress --no-interaction
Skipping env variable PWD
Skipping env variable HOME
Skipping env variable SHLVL
Skipping env variable PATH
